<?xml version="1.0" encoding="UTF-8"?>
<!-- Generated by org.testng.reporters.JUnitReportReporter -->
<testsuite skipped="0" hostname="VAPS" name="TestCase.VerifyLoginPage" tests="4" failures="0" timestamp="2020-10-12T20:53:39 IST" time="9.674" errors="0">
  <testcase name="Login" time="2.309" classname="TestCase.VerifyLoginPage"/>
  <system-out/>
  <testcase name="Login" time="2.322" classname="TestCase.VerifyLoginPage"/>
  <system-out/>
  <testcase name="Login" time="2.716" classname="TestCase.VerifyLoginPage"/>
  <system-out/>
  <testcase name="Login" time="2.327" classname="TestCase.VerifyLoginPage"/>
  <system-out/>
</testsuite> <!-- TestCase.VerifyLoginPage -->
