<?xml version="1.0" encoding="UTF-8"?>
<!-- Generated by org.testng.reporters.JUnitReportReporter -->
<testsuite skipped="0" hostname="VAPS" name="TestCases.VerifyLoginPage" tests="1" failures="0" timestamp="2020-10-10T10:07:14 IST" time="2.320" errors="0">
  <testcase name="Login" time="2.320" classname="TestCases.VerifyLoginPage"/>
  <system-out/>
</testsuite> <!-- TestCases.VerifyLoginPage -->
